Microsoft HTML Help Compiler 4.74.8702

Compiling c:\Projects\BDoc2000\HelpFile\HelpFile.chm


Compile time: 0 minutes, 1 second
7	Topics
17	Local links
1	Internet link
1	Graphic


Created c:\Projects\BDoc2000\HelpFile\HelpFile.chm, 36,476 bytes
Compression decreased file by 32,003 bytes.
HHC5010: Error: Cannot open "c:\Projects\BDoc2000\HelpFile\HelpFile.chm". Compilation stopped.
Microsoft HTML Help Compiler 4.74.8702

Compiling c:\Projects\BDoc2000\HelpFile\HelpFile.chm


Compile time: 0 minutes, 1 second
7	Topics
17	Local links
1	Internet link
1	Graphic


Created c:\Projects\BDoc2000\HelpFile\HelpFile.chm, 36,472 bytes
Compression decreased file by 32,007 bytes.
Microsoft HTML Help Compiler 4.74.8702

Compiling c:\Projects\BDoc2000\HelpFile\HelpFile.chm


Compile time: 0 minutes, 2 seconds
8	Topics
19	Local links
4	Internet links
1	Graphic


Created c:\Projects\BDoc2000\HelpFile\HelpFile.chm, 36,962 bytes
Compression decreased file by 33,083 bytes.
